<?xml version="1.0" encoding="UTF-8"?>
<!-- Generated by org.testng.reporters.JUnitReportReporter -->
<testsuite skipped="0" hostname="DESKTOP-2RU3L8F" name="Git_Jenkins.Integration.TestNGExample3" tests="3" failures="0" timestamp="31 Mar 2019 02:25:24 GMT" time="0.007" errors="0">
  <testcase name="Login" time="0.001" classname="Git_Jenkins.Integration.TestNGExample3"/>
  <testcase name="AccountEnquiry" time="0.000" classname="Git_Jenkins.Integration.TestNGExample3"/>
  <testcase name="Reporting" time="0.006" classname="Git_Jenkins.Integration.TestNGExample3"/>
</testsuite> <!-- Git_Jenkins.Integration.TestNGExample3 -->
